<?xml version="1.0" encoding="UTF-8"?>
<!-- Generated by org.testng.reporters.JUnitXMLReporter -->
<testsuite ignored="0" hostname="Girish" failures="0" tests="4" name="Test" time="0.133" errors="0" timestamp="2025-09-22T15:21:48 IST">
  <testcase classname="pack1.ContactTest" name="contactSearch" time="0.012"/>
  <testcase classname="pack1.ContactTest" name="contactTest" time="0.006"/>
  <testcase classname="pack2.OrgTest" name="OrgCreateTest" time="0.004"/>
  <testcase classname="pack2.OrgTest" name="orgSearchTest" time="0.003"/>
</testsuite> <!-- Test -->
