<?xml version="1.0" encoding="UTF-8"?>
<!-- Generated by org.testng.reporters.JUnitXMLReporter -->
<testsuite ignored="0" hostname="Girish" failures="0" tests="5" name="Test" time="0.091" errors="0" timestamp="2025-09-24T15:04:44 IST">
  <testcase classname="pack1.ContactTest" name="contactDelete" time="0.008"/>
  <testcase classname="pack1.ContactTest" name="contactSearch" time="0.002"/>
  <testcase classname="pack1.ContactTest" name="contactTest" time="0.003"/>
  <testcase classname="pack2.OrgTest" name="OrgCreateTest" time="0.001"/>
  <testcase classname="pack2.OrgTest" name="orgSearchTest" time="0.001"/>
</testsuite> <!-- Test -->
