<?xml version="1.0" encoding="UTF-8"?>
<!-- Generated by org.testng.reporters.JUnitXMLReporter -->
<testsuite ignored="0" hostname="Girish" failures="0" tests="3" name="Default test" time="0.142" errors="0" timestamp="2025-09-24T14:46:54 IST">
  <testcase classname="pack1.ContactTest" name="contactSearch" time="0.015"/>
  <testcase classname="pack1.ContactTest" name="contactTest" time="0.004"/>
  <testcase classname="pack1.ContactTest" name="deleteContact" time="0.008"/>
</testsuite> <!-- Default test -->
