<?xml version="1.0" encoding="UTF-8"?>
<testng-results ignored="0" total="4" passed="4" failed="0" skipped="0">
  <reporter-output>
  </reporter-output>
  <suite started-at="2025-09-22T15:25:48 IST" name="Surefire suite" finished-at="2025-09-22T15:25:48 IST" duration-ms="128">
    <groups>
    </groups>
    <test started-at="2025-09-22T15:25:48 IST" name="Surefire test" finished-at="2025-09-22T15:25:48 IST" duration-ms="128">
      <class name="pack2.OrgTest">
        <test-method signature="OrgCreateTest()[pri:0, instance:pack2.OrgTest@5f9b2141]" started-at="2025-09-22T15:25:48 IST" name="OrgCreateTest" finished-at="2025-09-22T15:25:48 IST" duration-ms="1" status="PASS">
          <reporter-output>
          </reporter-output>
        </test-method> <!-- OrgCreateTest -->
        <test-method signature="orgSearchTest()[pri:0, instance:pack2.OrgTest@5f9b2141]" started-at="2025-09-22T15:25:48 IST" name="orgSearchTest" finished-at="2025-09-22T15:25:48 IST" duration-ms="2" status="PASS">
          <reporter-output>
          </reporter-output>
        </test-method> <!-- orgSearchTest -->
      </class> <!-- pack2.OrgTest -->
      <class name="pack1.ContactTest">
        <test-method signature="contactSearch()[pri:0, instance:pack1.ContactTest@6631f5ca]" started-at="2025-09-22T15:25:48 IST" name="contactSearch" finished-at="2025-09-22T15:25:48 IST" duration-ms="7" status="PASS">
          <reporter-output>
          </reporter-output>
        </test-method> <!-- contactSearch -->
        <test-method signature="contactTest()[pri:0, instance:pack1.ContactTest@6631f5ca]" started-at="2025-09-22T15:25:48 IST" name="contactTest" finished-at="2025-09-22T15:25:48 IST" duration-ms="9" status="PASS">
          <reporter-output>
          </reporter-output>
        </test-method> <!-- contactTest -->
      </class> <!-- pack1.ContactTest -->
    </test> <!-- Surefire test -->
  </suite> <!-- Surefire suite -->
</testng-results>
