<?xml version="1.0" encoding="UTF-8"?>
<testng-results ignored="0" total="5" passed="5" failed="0" skipped="0">
  <reporter-output>
  </reporter-output>
  <suite started-at="2025-09-24T15:04:44 IST" name="Suite" finished-at="2025-09-24T15:04:44 IST" duration-ms="91">
    <groups>
    </groups>
    <test started-at="2025-09-24T15:04:44 IST" name="Test" finished-at="2025-09-24T15:04:44 IST" duration-ms="91">
      <class name="pack2.OrgTest">
        <test-method signature="OrgCreateTest()[pri:0, instance:pack2.OrgTest@8dbdac1]" started-at="2025-09-24T15:04:44 IST" name="OrgCreateTest" finished-at="2025-09-24T15:04:44 IST" duration-ms="1" status="PASS">
          <reporter-output>
          </reporter-output>
        </test-method> <!-- OrgCreateTest -->
        <test-method signature="orgSearchTest()[pri:0, instance:pack2.OrgTest@8dbdac1]" started-at="2025-09-24T15:04:44 IST" name="orgSearchTest" finished-at="2025-09-24T15:04:44 IST" duration-ms="1" status="PASS">
          <reporter-output>
          </reporter-output>
        </test-method> <!-- orgSearchTest -->
      </class> <!-- pack2.OrgTest -->
      <class name="pack1.ContactTest">
        <test-method signature="contactDelete()[pri:0, instance:pack1.ContactTest@62150f9e]" started-at="2025-09-24T15:04:44 IST" name="contactDelete" finished-at="2025-09-24T15:04:44 IST" duration-ms="8" status="PASS">
          <reporter-output>
          </reporter-output>
        </test-method> <!-- contactDelete -->
        <test-method signature="contactSearch()[pri:0, instance:pack1.ContactTest@62150f9e]" started-at="2025-09-24T15:04:44 IST" name="contactSearch" finished-at="2025-09-24T15:04:44 IST" duration-ms="2" status="PASS">
          <reporter-output>
          </reporter-output>
        </test-method> <!-- contactSearch -->
        <test-method signature="contactTest()[pri:0, instance:pack1.ContactTest@62150f9e]" started-at="2025-09-24T15:04:44 IST" name="contactTest" finished-at="2025-09-24T15:04:44 IST" duration-ms="3" status="PASS">
          <reporter-output>
          </reporter-output>
        </test-method> <!-- contactTest -->
      </class> <!-- pack1.ContactTest -->
    </test> <!-- Test -->
  </suite> <!-- Suite -->
</testng-results>
